<?xml version="1.0" encoding="UTF-8"?>
<!-- Generated by org.testng.reporters.JUnitReportReporter -->
<testsuite hostname="Tester-PC" failures="0" tests="1" name="PublishEvent_Approver.publish_Event_Page" time="2.063" errors="0" timestamp="06 Oct 2022 13:03:57 GMT" skipped="0">
  <testcase classname="PublishEvent_Approver.publish_Event_Page" name="Details" time="2.063"/>
</testsuite> <!-- PublishEvent_Approver.publish_Event_Page -->
