<?xml version="1.0" encoding="UTF-8"?>
<!-- Generated by org.testng.reporters.JUnitReportReporter -->
<testsuite hostname="Tester-PC" failures="0" tests="1" name="Practice.Scanerclass" time="58.312" errors="0" timestamp="14 Oct 2022 04:14:21 GMT" skipped="0">
  <testcase classname="Practice.Scanerclass" name="asc" time="58.312"/>
</testsuite> <!-- Practice.Scanerclass -->
