<?xml version="1.0" encoding="UTF-8"?>
<!-- Generated by org.testng.reporters.JUnitReportReporter -->
<testsuite hostname="Tester-PC" failures="0" tests="2" name="Admin.User_Right_Access" time="54.364" errors="0" timestamp="27 Sep 2022 11:48:10 GMT" skipped="0">
  <testcase classname="Admin.User_Right_Access" name="SubUser_Type" time="33.595"/>
  <testcase classname="Admin.User_Right_Access" name="Role_Type" time="20.769"/>
</testsuite> <!-- Admin.User_Right_Access -->
