<?xml version="1.0" encoding="UTF-8"?>
<!-- Generated by org.testng.reporters.JUnitReportReporter -->
<testsuite hostname="Tester-PC" failures="0" tests="1" name="UserRegister_Admin.UserRegister_Page" time="46.372" errors="0" timestamp="30 Sep 2022 08:32:01 GMT" skipped="0">
  <testcase classname="UserRegister_Admin.UserRegister_Page" name="User_List" time="46.372"/>
</testsuite> <!-- UserRegister_Admin.UserRegister_Page -->
