<?xml version="1.0" encoding="UTF-8"?>
<!-- Generated by org.testng.reporters.JUnitReportReporter -->
<testsuite hostname="Tester-PC" failures="0" tests="2" name="Dashboard_Bidder.Participate" time="22.848" errors="0" timestamp="11 Oct 2022 04:26:46 GMT" skipped="0">
  <testcase classname="Dashboard_Bidder.Participate" name="Detail" time="20.740"/>
  <testcase classname="Dashboard_Bidder.Participate" name="participate" time="2.108"/>
</testsuite> <!-- Dashboard_Bidder.Participate -->
