<?xml version="1.0" encoding="UTF-8"?>
<!-- Generated by org.testng.reporters.JUnitReportReporter -->
<testsuite hostname="Tester-PC" failures="0" tests="1" name="PublishEvent_Approver.Publish_Event" time="2.160" errors="0" timestamp="06 Oct 2022 12:08:33 GMT" skipped="0">
  <testcase classname="PublishEvent_Approver.Publish_Event" name="Publish_Date" time="2.160"/>
</testsuite> <!-- PublishEvent_Approver.Publish_Event -->
