<?xml version="1.0" encoding="UTF-8"?>
<!-- Generated by org.testng.reporters.JUnitReportReporter -->
<testsuite hostname="Tester-PC" failures="0" tests="3" name="UserRegister_Admin.Update" time="92.369" errors="0" timestamp="30 Sep 2022 11:34:30 GMT" skipped="0">
  <testcase classname="UserRegister_Admin.Update" name="update" time="51.794"/>
  <testcase classname="UserRegister_Admin.Update" name="Update_Login" time="24.210"/>
  <testcase classname="UserRegister_Admin.Update" name="UserLogin" time="16.365"/>
</testsuite> <!-- UserRegister_Admin.Update -->
