<?xml version="1.0" encoding="UTF-8"?>
<!-- Generated by org.testng.reporters.JUnitReportReporter -->
<testsuite hostname="Tester-PC" failures="0" tests="1" name="PublishEvent.Filter" time="23.143" errors="0" timestamp="06 Oct 2022 09:58:28 GMT" skipped="0">
  <testcase classname="PublishEvent.Filter" name="filter_Event" time="23.143"/>
</testsuite> <!-- PublishEvent.Filter -->
