<?xml version="1.0" encoding="UTF-8"?>
<!-- Generated by org.testng.reporters.JUnitReportReporter -->
<testsuite hostname="Tester-PC" failures="0" tests="2" name="Event_Details_Bidder_Login.Event_Details" time="50.288" errors="0" timestamp="11 Oct 2022 06:12:25 GMT" skipped="0">
  <testcase classname="Event_Details_Bidder_Login.Event_Details" name="ViewDetails" time="37.047"/>
  <testcase classname="Event_Details_Bidder_Login.Event_Details" name="Status" time="13.241"/>
</testsuite> <!-- Event_Details_Bidder_Login.Event_Details -->
