<?xml version="1.0" encoding="UTF-8"?>
<!-- Generated by org.testng.reporters.JUnitReportReporter -->
<testsuite hostname="Tester-PC" failures="0" tests="1" name="Admin.Bidder_Add" time="44.989" errors="0" timestamp="07 Oct 2022 11:51:01 GMT" skipped="0">
  <testcase classname="Admin.Bidder_Add" name="Add_Bidder" time="44.989"/>
</testsuite> <!-- Admin.Bidder_Add -->
