<?xml version="1.0" encoding="UTF-8"?>
<!-- Generated by org.testng.reporters.JUnitReportReporter -->
<testsuite hostname="Tester-PC" failures="0" tests="1" name="Admin.fleet" time="15.613" errors="0" timestamp="07 Oct 2022 06:48:18 GMT" skipped="0">
  <testcase classname="Admin.fleet" name="AfterLogin" time="15.613"/>
</testsuite> <!-- Admin.fleet -->
