<?xml version="1.0" encoding="UTF-8"?>
<!-- Generated by org.testng.reporters.JUnitReportReporter -->
<testsuite hostname="Tester-PC" failures="0" tests="3" name="Bidder.Bidder_Registration" time="33.857" errors="0" timestamp="07 Oct 2022 12:29:39 GMT" skipped="0">
  <testcase classname="Bidder.Bidder_Registration" name="Search_PAN" time="10.137"/>
  <testcase classname="Bidder.Bidder_Registration" name="Upload_document" time="10.677"/>
  <testcase classname="Bidder.Bidder_Registration" name="Account_Details" time="13.043"/>
</testsuite> <!-- Bidder.Bidder_Registration -->
