<?xml version="1.0" encoding="UTF-8"?>
<!-- Generated by org.testng.reporters.JUnitReportReporter -->
<testsuite hostname="Tester-PC" failures="0" tests="1" name="Event_List_Page_Seller.Filter_Event" time="20.159" errors="0" timestamp="11 Oct 2022 11:34:12 GMT" skipped="0">
  <testcase classname="Event_List_Page_Seller.Filter_Event" name="Added_Event" time="20.159"/>
</testsuite> <!-- Event_List_Page_Seller.Filter_Event -->
