<?xml version="1.0" encoding="UTF-8"?>
<!-- Generated by org.testng.reporters.JUnitReportReporter -->
<testsuite hostname="Tester-PC" failures="0" tests="2" name="document_Master_Page.Document_Master" time="74.959" errors="0" timestamp="10 Oct 2022 06:33:58 GMT" skipped="0">
  <testcase classname="document_Master_Page.Document_Master" name="Add_document" time="38.654"/>
  <testcase classname="document_Master_Page.Document_Master" name="Update" time="36.305"/>
</testsuite> <!-- document_Master_Page.Document_Master -->
