<?xml version="1.0" encoding="UTF-8"?>
<!-- Generated by org.testng.reporters.JUnitReportReporter -->
<testsuite hostname="Tester-PC" failures="0" tests="1" name="document_Master_Page.Delete_Document" time="45.137" errors="0" timestamp="10 Oct 2022 09:27:14 GMT" skipped="0">
  <testcase classname="document_Master_Page.Delete_Document" name="Seller_Login" time="45.137"/>
</testsuite> <!-- document_Master_Page.Delete_Document -->
