<?xml version="1.0" encoding="UTF-8"?>
<!-- Generated by org.testng.reporters.JUnitReportReporter -->
<testsuite hostname="Tester-PC" failures="0" tests="3" name="Event_List_Page_Seller.Update_Event" time="28.391" errors="0" timestamp="11 Oct 2022 11:47:17 GMT" skipped="0">
  <testcase classname="Event_List_Page_Seller.Update_Event" name="connection" time="14.844"/>
  <testcase classname="Event_List_Page_Seller.Update_Event" name="Update" time="10.338"/>
  <testcase classname="Event_List_Page_Seller.Update_Event" name="Updated_EDetails" time="3.209"/>
</testsuite> <!-- Event_List_Page_Seller.Update_Event -->
