<?xml version="1.0" encoding="UTF-8"?>
<!-- Generated by org.testng.reporters.JUnitReportReporter -->
<testsuite hostname="Tester-PC" failures="0" tests="1" name="Admin.base_class" time="10.111" errors="0" timestamp="27 Sep 2022 06:15:29 GMT" skipped="0">
  <testcase classname="Admin.base_class" name="Login" time="10.111"/>
</testsuite> <!-- Admin.base_class -->
